<?xml version="1.0" encoding="UTF-8"?>
<!-- Generated by org.testng.reporters.JUnitReportReporter -->
<testsuite hostname="DESKTOP-IPE6AVN" failures="0" tests="2" name="test.testNG_Case1" time="0.023" errors="0" timestamp="2021-01-27T23:43:04 IST" skipped="0">
  <testcase classname="test.testNG_Case1" name="secondTest" time="0.005"/>
  <system-out/>
  <testcase classname="test.testNG_Case1" name="Demo" time="0.018"/>
  <system-out/>
</testsuite> <!-- test.testNG_Case1 -->
