<?xml version="1.0" encoding="UTF-8"?>
<!-- Generated by org.testng.reporters.JUnitReportReporter -->
<testsuite hostname="DESKTOP-IPE6AVN" failures="0" tests="1" name="test.testNG_xmlTest" time="0.002" errors="0" timestamp="2021-01-27T23:43:04 IST" skipped="0">
  <testcase classname="test.testNG_xmlTest" name="Demo" time="0.002"/>
  <system-out/>
</testsuite> <!-- test.testNG_xmlTest -->
